{
  "RSpec": {
    "coverage": {
      "/home/boolean-architecture-0768/tic-tac-toe-rb-ruby-apply-000/lib/tic_tac_toe.rb": [
        1,
        5,
        5,
        5,
        5,
        5,
        null,
        null,
        null,
        1,
        null,
        null,
        null,
        null,
        null,
        null,
        null,
        null,
        1,
        9322,
        null,
        null,
        1,
        6,
        null,
        null,
        1,
        9324,
        null,
        null,
        1,
        9322,
        null,
        null,
        1,
        9320,
        9319,
        9319,
        9319,
        null,
        3,
        3,
        null,
        9316,
        null,
        null,
        null,
        1,
        5,
        5,
        45,
        5,
        40,
        40,
        null,
        null,
        null,
        5,
        null,
        null,
        1,
        4,
        4,
        0,
        0,
        null,
        null,
        null,
        null,
        1,
        13,
        78,
        78,
        78,
        null,
        78,
        78,
        78,
        null,
        78,
        6,
        null,
        72,
        2,
        null,
        null,
        5,
        null,
        null,
        null,
        1,
        12,
        68,
        6,
        null,
        null,
        null,
        null,
        1,
        11,
        3,
        null,
        null,
        null,
        1,
        6,
        4,
        null,
        null,
        null,
        1,
        3,
        2,
        11,
        11,
        11,
        null,
        11,
        11,
        11,
        11,
        1,
        null,
        10,
        1,
        null,
        null,
        0,
        null,
        null,
        null,
        null,
        1,
        1,
        1,
        2,
        1,
        null,
        null,
        null,
        null,
        null,
        null,
        null,
        null,
        null,
        null
      ]
    },
    "timestamp": 1599580042
  }
}
