{
  "RSpec": {
    "coverage": {
      "/home/boolean-architecture-0768/tic-tac-toe-rb-ruby-apply-000/lib/tic_tac_toe.rb": [
        1,
        15,
        15,
        15,
        15,
        15,
        null,
        null,
        null,
        1,
        null,
        null,
        null,
        null,
        null,
        null,
        null,
        null,
        1,
        17,
        null,
        null,
        1,
        16,
        null,
        null,
        1,
        19,
        null,
        null,
        1,
        17,
        null,
        null,
        1,
        14,
        14,
        14,
        14,
        13,
        13,
        null,
        1,
        null,
        null,
        null,
        null,
        null,
        1,
        19,
        19,
        171,
        15,
        156,
        156,
        null,
        null,
        null,
        19,
        null,
        null,
        1,
        14,
        10,
        4,
        4,
        null,
        null,
        null,
        null,
        1,
        26,
        140,
        140,
        140,
        null,
        140,
        140,
        140,
        null,
        140,
        12,
        null,
        128,
        2,
        null,
        null,
        12,
        null,
        null,
        null,
        1,
        24,
        104,
        18,
        null,
        null,
        null,
        null,
        1,
        23,
        3,
        null,
        null,
        null,
        1,
        19,
        13,
        null,
        null,
        null,
        1,
        3,
        2,
        11,
        11,
        11,
        null,
        11,
        11,
        11,
        11,
        1,
        null,
        10,
        1,
        null,
        null,
        0,
        null,
        null,
        null,
        null,
        1,
        8,
        8,
        11,
        11,
        null,
        8,
        3,
        5,
        1,
        null,
        null,
        null,
        null,
        null,
        null,
        null
      ]
    },
    "timestamp": 1599584493
  }
}
